<?xml version="1.0" encoding="utf-8" standalone="no"?>
<!--This file represents the results of running a test suite-->
<test-results name="C:\Users\craig.mcguff\Documents\Visual Studio 2012\Projects\VFP Tests\Vfp.Tests\bin\Debug\Vfp.Tests.dll" total="1" errors="0" failures="1" not-run="0" inconclusive="0" ignored="0" skipped="0" invalid="0" date="2014-07-25" time="13:08:55">
  <environment nunit-version="2.6.3.13283" clr-version="2.0.50727.5477" os-version="Microsoft Windows NT 6.1.7601 Service Pack 1" platform="Win32NT" cwd="C:\Program Files (x86)\NUnit 2.6.3\bin" machine-name="NZAKL009174N" user="Craig.McGuff" user-domain="MYOB" />
  <culture-info current-culture="en-AU" current-uiculture="en-US" />
  <test-suite type="Assembly" name="C:\Users\craig.mcguff\Documents\Visual Studio 2012\Projects\VFP Tests\Vfp.Tests\bin\Debug\Vfp.Tests.dll" executed="True" result="Failure" success="False" time="0.080" asserts="0">
    <results>
      <test-suite type="Namespace" name="Vfp" executed="True" result="Failure" success="False" time="0.065" asserts="0">
        <results>
          <test-suite type="Namespace" name="Tests" executed="True" result="Failure" success="False" time="0.065" asserts="0">
            <results>
              <test-suite type="TestFixture" name="TestStaffForm" executed="True" result="Failure" success="False" time="0.063" asserts="0">
                <results>
                  <test-suite type="ParameterizedTest" name="TestScreenCaption" executed="True" result="Failure" success="False" time="0.056" asserts="0">
                    <results>
                      <test-case name="Vfp.Tests.TestStaffForm.TestScreenCaption()" executed="True" result="Failure" success="False" time="0.051" asserts="2">
                        <failure>
                          <message><![CDATA[  Expected string length 16 but was 11. Strings differ at index 0.
  Expected: "New Form Caption"
  But was:  "Old Caption"
  -----------^
]]></message>
                          <stack-trace><![CDATA[at Vfp.Tests.TestStaffForm.TestScreenCaption() in c:\Users\craig.mcguff\Documents\Visual Studio 2012\Projects\VFP Tests\Vfp.Tests\TestStaffForm.cs:line 18
]]></stack-trace>
                        </failure>
                      </test-case>
                    </results>
                  </test-suite>
                </results>
              </test-suite>
            </results>
          </test-suite>
        </results>
      </test-suite>
    </results>
  </test-suite>
</test-results>